\BOOKMARK [1][-]{section.1}{\376\377\000M\000e\000s\000t\000e\000r\000s\000\351\000g\000e\000s\000\040\000i\000n\000t\000e\000l\000l\000i\000g\000e\000n\000c\000i\000a\000\040\000v\000s\000.\000\040\000g\000\351\000p\000i\000\040\000t\000a\000n\000u\000l\000\341\000s\000\040\040\023\000\040\000B\000e\000v\000e\000z\000e\000t\001\121}{}% 1
\BOOKMARK [2][-]{subsection.1.1}{\376\377\000M\000i\000\040\000a\000z\000\040\000a\000\040\000g\000\351\000p\000i\000\040\000t\000a\000n\000u\000l\000\341\000s\000?}{section.1}% 2
\BOOKMARK [2][-]{subsection.1.2}{\376\377\000M\000i\000\363\000t\000a\000\040\000l\000\351\000t\000e\000z\000i\000k\000?}{section.1}% 3
\BOOKMARK [2][-]{subsection.1.3}{\376\377\000M\000i\000k\000\040\000a\000\040\000h\000\341\000t\000r\000\341\000l\000t\000a\000t\000\363\000\040\000t\000\351\000n\000y\000e\000z\001\121\000k\000?}{section.1}% 4
\BOOKMARK [2][-]{subsection.1.4}{\376\377\000A\000z\000\040\000M\000I\000\040\000\351\000r\000t\000e\000l\000m\000e\000z\000\351\000s\000e}{section.1}% 5
\BOOKMARK [2][-]{subsection.1.5}{\376\377\000A\000z\000\040\000M\000I\000\040\000t\000\366\000r\000t\000\351\000n\000e\000l\000m\000e}{section.1}% 6
\BOOKMARK [1][-]{section.2}{\376\377\000N\000a\000p\000j\000a\000i\000n\000k\000\040\000M\000I\000-\000j\000e\000\040\040\023\000\040\000O\000p\000t\000i\000m\000a\000l\000i\000z\000\341\000c\000i\000\363}{}% 7
\BOOKMARK [2][-]{subsection.2.1}{\376\377\000M\000i\000t\001\121\000l\000\040\000o\000p\000t\000i\000m\000a\000l\000i\000z\000\341\000c\000i\000\363\000?}{section.2}% 8
\BOOKMARK [2][-]{subsection.2.2}{\376\377\000I\000n\000t\000e\000l\000l\000i\000g\000e\000n\000s\000\040\000v\000i\000s\000e\000l\000k\000e\000d\000\351\000s}{section.2}% 9
\BOOKMARK [2][-]{subsection.2.3}{\376\377\000M\000i\000t\001\121\000l\000\040\000n\000e\000h\000\351\000z\000\040\000a\000z\000\040\000o\000p\000t\000i\000m\000a\000l\000i\000z\000\341\000c\000i\000\363\000?}{section.2}% 10
\BOOKMARK [2][-]{subsection.2.4}{\376\377\000H\000o\000g\000y\000a\000n\000\040\000p\000r\000\363\000b\000\341\000l\000k\000o\000z\000h\000a\000t\000u\000n\000k\000?}{section.2}% 11
\BOOKMARK [1][-]{section.3}{\376\377\000F\000e\000l\000\374\000g\000y\000e\000l\000t\000\040\000t\000a\000n\000u\000l\000\341\000s}{}% 12
\BOOKMARK [2][-]{subsection.3.1}{\376\377\000F\000e\000l\000\374\000g\000y\000e\000l\000e\000t\000\040\000n\000\351\000l\000k\000\374\000l\000i\000\040\000t\000a\000n\000u\000l\000\341\000s\000\040\040\023\000\040\000v\000i\000s\000s\000z\000a\000t\000e\000k\000i\000n\000t\000\351\000s}{section.3}% 13
\BOOKMARK [2][-]{subsection.3.2}{\376\377\000F\000e\000l\000\374\000g\000y\000e\000l\000t\000\040\000t\000a\000n\000u\000l\000\341\000s}{section.3}% 14
\BOOKMARK [2][-]{subsection.3.3}{\376\377\000A\000\040\000t\000a\000n\000u\000l\000\341\000s\000\040\000t\000\355\000p\000u\000s\000a\000i}{section.3}% 15
\BOOKMARK [2][-]{subsection.3.4}{\376\377\000M\000i\000\040\000a\000z\000\040\000a\000\040\000f\000e\000l\000\374\000g\000y\000e\000l\000t\000\040\000t\000a\000n\000u\000l\000\341\000s\000?}{section.3}% 16
\BOOKMARK [2][-]{subsection.3.5}{\376\377\000P\000r\000o\000b\000l\000\351\000m\000\341\000k}{section.3}% 17
\BOOKMARK [2][-]{subsection.3.6}{\376\377\000D\000\366\000n\000t\000\351\000s\000i\000\040\000f\000\341\000k}{section.3}% 18
\BOOKMARK [2][-]{subsection.3.7}{\376\377\000R\000e\000g\000r\000e\000s\000s\000z\000i\000\363}{section.3}% 19
\BOOKMARK [1][-]{section.4}{\376\377\000N\000e\000u\000r\000\341\000l\000i\000s\000\040\000h\000\341\000l\000\363\000z\000a\000t\000o\000k}{}% 20
\BOOKMARK [2][-]{subsection.4.1}{\376\377\000B\000i\000o\000l\000\363\000g\000i\000a\000i\000\040\000\351\000s\000\040\000m\000e\000s\000t\000e\000r\000s\000\351\000g\000e\000s\000\040\000n\000e\000u\000r\000o\000n\000o\000k}{section.4}% 21
\BOOKMARK [3][-]{subsubsection.4.1.1}{\376\377\000B\000i\000o\000l\000\363\000g\000i\000a\000i\000\040\000n\000e\000u\000r\000o\000n\000o\000k}{subsection.4.1}% 22
\BOOKMARK [3][-]{subsubsection.4.1.2}{\376\377\000M\000e\000s\000t\000e\000r\000s\000\351\000g\000e\000s\000\040\000n\000e\000u\000r\000o\000n\000o\000k}{subsection.4.1}% 23
\BOOKMARK [2][-]{subsection.4.2}{\376\377\000E\000g\000y\000r\000\351\000t\000e\000g\001\161\000\040\000p\000e\000r\000c\000e\000p\000t\000r\000o\000n\000o\000k}{section.4}% 24
\BOOKMARK [3][-]{subsubsection.4.2.1}{\376\377\000L\000i\000n\000e\000\341\000r\000i\000s\000\040\000s\000z\000e\000p\000a\000r\000a\000b\000i\000l\000i\000t\000\341\000s}{subsection.4.2}% 25
\BOOKMARK [3][-]{subsubsection.4.2.2}{\376\377\000L\000o\000g\000i\000k\000a\000i\000\040\000k\000a\000p\000u\000k}{subsection.4.2}% 26
\BOOKMARK [2][-]{subsection.4.3}{\376\377\000P\000e\000r\000c\000e\000p\000t\000r\000o\000n\000o\000k\000\040\000t\000a\000n\000\355\000t\000\341\000s\000a}{section.4}% 27
\BOOKMARK [1][-]{section.5}{\376\377\000E\000t\000i\000k\000a\000i\000\040\000\351\000s\000\040\000j\000o\000g\000i\000\040\000k\000\351\000r\000d\000\351\000s\000e\000k\000\040\000a\000z\000\040\000M\000I\000\040\000t\000e\000r\000\374\000l\000e\000t\000\351\000n}{}% 28
\BOOKMARK [2][-]{subsection.5.1}{\376\377\000A\000z\000\040\000M\000I\000\040\000e\000r\000e\000d\000m\000\351\000n\000y\000e\000i\000\040\000\351\000s\000\040\000n\000e\000m\000\040\000k\000\355\000v\000\341\000n\000t\000\040\000k\000\366\000v\000e\000t\000k\000e\000z\000m\000\351\000n\000y\000e\000i}{section.5}% 29
\BOOKMARK [2][-]{subsection.5.2}{\376\377\000A\000z\000\040\000M\000I\000\040\000\351\000s\000\040\000a\000\040\000m\001\161\000v\000\351\000s\000z\000e\000t\000\040\000v\000i\000s\000z\000o\000n\000y\000a\000\040\040\023\000\040\000T\000h\000\351\000\342\000t\000r\000e\000\040\000d\000'\000o\000p\000\351\000r\000a\000\040\000s\000p\000a\000t\000i\000a\000l}{section.5}% 30
\BOOKMARK [2][-]{subsection.5.3}{\376\377\000F\000e\000l\000m\000e\000r\000\374\000l\001\121\000\040\000g\000o\000n\000d\000o\000k\000\040\000a\000z\000\040\000a\000d\000a\000t\000b\000\341\000z\000i\000s\000a\000\040\000k\000a\000p\000c\000s\000\341\000n}{section.5}% 31
\BOOKMARK [2][-]{subsection.5.4}{\376\377\000K\000o\000r\000\341\000b\000b\000i\000\040\000t\000a\000l\000\341\000l\000k\000o\000z\000\341\000s\000a\000i\000n\000k\000\040\000a\000z\000\040\000M\000I\000-\000v\000e\000l}{section.5}% 32
\BOOKMARK [1][-]{section.6}{\376\377\000F\000e\000l\000\374\000g\000y\000e\000l\000e\000t\000\040\000n\000\351\000l\000k\000\374\000l\000i\000\040\000t\000a\000n\000u\000l\000\341\000s}{}% 33
\BOOKMARK [2][-]{subsection.6.1}{\376\377\000F\001\121\000\040\000k\000\374\000l\000\366\000n\000b\000s\000\351\000g\000e\000k\000\040\000a\000\040\000f\000e\000l\000\374\000g\000y\000e\000l\000t\000\040\000t\000a\000n\000u\000l\000\341\000s\000t\000\363\000l}{section.6}% 34
\BOOKMARK [2][-]{subsection.6.2}{\376\377\000K\000l\000a\000s\000z\000t\000e\000r\000e\000z\000\351\000s}{section.6}% 35
\BOOKMARK [3][-]{subsubsection.6.2.1}{\376\377\000A\000g\000g\000l\000o\000m\000e\000r\000a\000t\000\355\000v\000\040\000k\000l\000a\000s\000z\000t\000e\000r\000e\000z\000\351\000s}{subsection.6.2}% 36
\BOOKMARK [3][-]{subsubsection.6.2.2}{\376\377\000P\000r\000o\000t\000o\000t\000\355\000p\000u\000s\000\040\000a\000l\000a\000p\000\372\000\040\000k\000l\000a\000s\000z\000t\000e\000r\000e\000z\000\351\000s\000\040\000\050\000k\000-\000m\000e\000a\000n\000s\000\040\000c\000l\000u\000s\000t\000e\000r\000i\000n\000g\000\051}{subsection.6.2}% 37
\BOOKMARK [3][-]{subsubsection.6.2.3}{\376\377\000D\000B\000S\000C\000A\000N}{subsection.6.2}% 38
\BOOKMARK [2][-]{subsection.6.3}{\376\377\000D\000i\000m\000e\000n\000z\000i\000\363\000c\000s\000\366\000k\000k\000e\000n\000t\000\351\000s}{section.6}% 39
\BOOKMARK [1][-]{section.7}{\376\377\000M\000e\000g\000e\000r\001\121\000s\000\355\000t\000e\000t\000t\000\040\000t\000a\000n\000u\000l\000\341\000s}{}% 40
\BOOKMARK [2][-]{subsection.7.1}{\376\377\000M\000i\000\040\000a\000z\000\040\000a\000\040\000m\000e\000g\000e\000r\001\121\000s\000\355\000t\000e\000t\000t\000\040\000t\000a\000n\000u\000l\000\341\000s\000?}{section.7}% 41
\BOOKMARK [2][-]{subsection.7.2}{\376\377\000H\000\341\000t\000t\000e\000r\000e\000,\000\040\000\341\000g\000a\000z\000a\000t\000a\000i}{section.7}% 42
\BOOKMARK [2][-]{subsection.7.3}{\376\377\000F\000e\000l\000\351\000p\000\355\000t\000\351\000s\000e}{section.7}% 43
\BOOKMARK [2][-]{subsection.7.4}{\376\377\000M\000o\000d\000e\000l\000l\000\040\000a\000l\000a\000p\000\372\000\040\000R\000L\000\040\040\023\000\040\000M\000a\000r\000k\000o\000v\000\040\000d\000\366\000n\000t\000\351\000s\000i\000\040\000f\000o\000l\000y\000a\000m\000a\000t}{section.7}% 44
\BOOKMARK [2][-]{subsection.7.5}{\376\377\000M\000o\000d\000e\000l\000l\000m\000e\000n\000t\000e\000s\000\040\000R\000L\000\040\040\023\000\040\000M\000\351\000l\000y\000\040\000R\000L\000\040\000a\000l\000g\000o\000r\000i\000t\000m\000u\000s\000o\000k}{section.7}% 45
\BOOKMARK [1][-]{section.8}{\376\377\000B\000i\000o\000l\000\363\000g\000i\000a\000i\000\040\000a\000l\000a\000p\000\372\000\040\000M\000I\000\040\000m\000e\000g\000o\000l\000d\000\341\000s\000o\000k}{}% 46
\BOOKMARK [2][-]{subsection.8.1}{\376\377\000I\000n\000s\000p\000i\000r\000\341\000c\000i\000\363\000,\000\040\000m\000o\000t\000i\000v\000\341\000c\000i\000\363}{section.8}% 47
\BOOKMARK [2][-]{subsection.8.2}{\376\377\000R\000a\000j\000i\000n\000t\000e\000l\000l\000i\000g\000e\000n\000c\000i\000a\000\040\040\023\000\040\000p\000\351\000l\000d\000\341\000k\000,\000\040\000m\000o\000t\000i\000v\000\341\000c\000i\000\363\000k}{section.8}% 48
\BOOKMARK [2][-]{subsection.8.3}{\376\377\000T\000\351\000r\000b\000e\000l\000i\000\040\000c\000s\000o\000p\000o\000r\000t\000o\000s\000\355\000t\000\341\000s\000\040\040\023\000\040\000s\000p\000a\000c\000i\000a\000l\000\040\000c\000l\000u\000s\000t\000e\000r\000i\000n\000g}{section.8}% 49
\BOOKMARK [2][-]{subsection.8.4}{\376\377\000L\000e\000g\000r\000\366\000v\000i\000d\000e\000b\000b\000\040\000u\000t\000a\000k}{section.8}% 50
\BOOKMARK [1][-]{section.9}{\376\377\000E\000v\000o\000l\000\372\000c\000i\000\363\000s\000\040\000a\000l\000g\000o\000r\000i\000t\000m\000u\000s\000o\000k}{}% 51
\BOOKMARK [2][-]{subsection.9.1}{\376\377\000M\000o\000t\000i\000v\000\341\000c\000i\000\363}{section.9}% 52
\BOOKMARK [2][-]{subsection.9.2}{\376\377\000H\000\341\000t\000t\000e\000r\000e\000,\000\040\000k\000\366\000z\000\366\000s\000\040\000j\000e\000l\000l\000e\000m\000z\001\121\000k}{section.9}% 53
\BOOKMARK [2][-]{subsection.9.3}{\376\377\000G\000e\000n\000e\000t\000i\000k\000u\000s\000\040\000a\000l\000g\000o\000r\000i\000t\000m\000u\000s\000o\000k}{section.9}% 54
\BOOKMARK [1][-]{section.10}{\376\377\000R\000a\000j\000i\000n\000t\000e\000l\000l\000i\000g\000e\000n\000c\000i\000a}{}% 55
\BOOKMARK [2][-]{subsection.10.1}{\376\377\000B\000e\000v\000e\000z\000e\000t\000\351\000s\000,\000\040\000m\000o\000t\000i\000v\000\341\000c\000i\000\363}{section.10}% 56
\BOOKMARK [2][-]{subsection.10.2}{\376\377\000P\000a\000r\000t\000i\000c\000l\000e\000\040\000s\000w\000a\000r\000m\000\040\000o\000p\000t\000i\000m\000i\000s\000a\000t\000i\000o\000n\000\040\000\050\000r\000\351\000s\000z\000e\000c\000s\000k\000e\000\040\000r\000a\000j\000\040\000o\000p\000t\000i\000m\000a\000l\000i\000z\000\341\000c\000i\000\363\000\051}{section.10}% 57
\BOOKMARK [2][-]{subsection.10.3}{\376\377\000S\000i\000m\000p\000l\000i\000f\000i\000e\000d\000\040\000S\000w\000a\000r\000m\000\040\000O\000p\000t\000m\000i\000s\000a\000t\000i\000o\000n}{section.10}% 58
\BOOKMARK [2][-]{subsection.10.4}{\376\377\000S\000z\000e\000n\000t\000j\000\341\000n\000o\000s\000b\000o\000g\000\341\000r\000\040\000a\000l\000g\000o\000r\000i\000t\000m\000u\000s\000\040\000\050\000f\000i\000r\000e\000f\000l\000y\000\040\000a\000l\000g\000o\000r\000i\000t\000h\000m\000\051}{section.10}% 59
\BOOKMARK [2][-]{subsection.10.5}{\376\377\000G\000r\000a\000v\000i\000t\000\341\000c\000i\000\363\000s\000\040\000k\000e\000r\000e\000s\001\121\000a\000l\000g\000o\000r\000i\000t\000m\000u\000s}{section.10}% 60
\BOOKMARK [1][-]{section.11}{\376\377\000E\000t\000o\000r\000o\000b\000o\000t\000i\000k\000a}{}% 61
\BOOKMARK [2][-]{subsection.11.1}{\376\377\000M\000o\000t\000i\000v\000\341\000c\000i\000\363}{section.11}% 62
\BOOKMARK [2][-]{subsection.11.2}{\376\377\000E\000t\000o\000r\000o\000b\000o\000t\000i\000k\000a}{section.11}% 63
\BOOKMARK [2][-]{subsection.11.3}{\376\377\000E\000t\000o\000l\000\363\000g\000i\000a\000i\000\040\000m\000i\000n\000t\000\341\000n\000k}{section.11}% 64
\BOOKMARK [2][-]{subsection.11.4}{\376\377\000E\000t\000o\000l\000\363\000g\000i\000a\000i\000\040\000k\000u\000t\000a\000t\000\341\000s\000i\000\040\000f\000o\000l\000y\000a\000m\000a\000t}{section.11}% 65
\BOOKMARK [2][-]{subsection.11.5}{\376\377\000K\000\355\000s\000\351\000r\000l\000e\000t\000e\000k}{section.11}% 66
\BOOKMARK [1][-]{section.12}{\376\377\000M\000u\000l\000t\000i\000\341\000g\000e\000n\000s\000\040\000s\000z\000i\000m\000u\000l\000\341\000c\000i\000\363\000\040\000\351\000s\000\040\000t\000a\000n\000u\000l\000\341\000s\000\040\000\050\000M\000u\000l\000t\000i\000-\000a\000g\000e\000n\000t\000\040\000s\000i\000m\000u\000l\000a\000t\000i\000o\000n\000\040\000a\000n\000d\000\040\000l\000e\000a\000r\000n\000i\000n\000g\000\051}{}% 67
\BOOKMARK [2][-]{subsection.12.1}{\376\377\000M\000o\000t\000i\000v\000\341\000c\000i\000\363}{section.12}% 68
\BOOKMARK [2][-]{subsection.12.2}{\376\377\000M\000i\000k\000r\000o\000-\000\040\000\351\000s\000\040\000m\000a\000k\000r\000o\000v\000i\000s\000e\000l\000k\000e\000d\000\351\000s}{section.12}% 69
\BOOKMARK [2][-]{subsection.12.3}{\376\377\000\301\000g\000e\000n\000s\000\040\000a\000l\000a\000p\000\372\000\040\000s\000z\000i\000m\000u\000l\000\341\000c\000i\000\363}{section.12}% 70
\BOOKMARK [2][-]{subsection.12.4}{\376\377\000M\000u\000l\000t\000i\000\341\000g\000e\000n\000s\000\040\000m\000e\000g\000e\000r\001\121\000s\000\355\000t\000e\000t\000t\000\040\000t\000a\000n\000u\000l\000\341\000s}{section.12}% 71
